<?xml version="1.0" encoding="UTF-8"?>
<testsuite xmlns:xsi="http://www.w3.org/2001/XMLSchema-instance" xsi:noNamespaceSchemaLocation="https://maven.apache.org/surefire/maven-surefire-plugin/xsd/surefire-test-report.xsd" name="com.java.ATS_Exam.SimpleWebAppTests" time="25.023" tests="6" errors="0" skipped="0" failures="0">
  <properties>
[...]
</properties>
  <testcase name="testDropBoxLinkData" classname="com.java.ATS_Exam.SimpleWebAppTests" time="8.817"/>
  <testcase name="testHomeIndex" classname="com.java.ATS_Exam.SimpleWebAppTests" time="0.002"/>
  <testcase name="testDropBoxLinkCityObj" classname="com.java.ATS_Exam.SimpleWebAppTests" time="3.446"/>
  <testcase name="testDropBoxLinkFullJsonObj" classname="com.java.ATS_Exam.SimpleWebAppTests" time="3.616"/>
  <testcase name="testDropBoxLinkAddressObj" classname="com.java.ATS_Exam.SimpleWebAppTests" time="3.741"/>
  <testcase name="testSpringBootApp" classname="com.java.ATS_Exam.SimpleWebAppTests" time="0"/>
</testsuite>